# Logfile created on 2014-01-15 14:56:30 -0800 by logger.rb/31641
I, [2014-01-15T14:56:30.569685 #69232]  INFO -- : 0:  rake (10.1.1) from /Users/isaac/.rbenv/versions/1.9.3-p194/lib/ruby/gems/1.9.1/specifications/rake-10.1.1.gemspec
I, [2014-01-15T14:56:32.200278 #69232]  INFO -- : 0:  builder (3.2.2) from /Users/isaac/.rbenv/versions/1.9.3-p194/lib/ruby/gems/1.9.1/specifications/builder-3.2.2.gemspec
I, [2014-01-15T14:56:34.256835 #69232]  INFO -- : 0:  mime-types (2.0) from /Users/isaac/.rbenv/versions/1.9.3-p194/lib/ruby/gems/1.9.1/specifications/mime-types-2.0.gemspec
I, [2014-01-15T14:56:34.257258 #69232]  INFO -- : 0:  mini_portile (0.5.2) from /Users/isaac/.rbenv/versions/1.9.3-p194/lib/ruby/gems/1.9.1/specifications/mini_portile-0.5.2.gemspec
I, [2014-01-15T14:56:34.257533 #69232]  INFO -- : 0:  nokogiri (1.6.1) from /Users/isaac/.rbenv/versions/1.9.3-p194/lib/ruby/gems/1.9.1/specifications/nokogiri-1.6.1.gemspec
I, [2014-01-15T14:56:34.257790 #69232]  INFO -- : 0:  rack (1.5.2) from /Users/isaac/.rbenv/versions/1.9.3-p194/lib/ruby/gems/1.9.1/specifications/rack-1.5.2.gemspec
I, [2014-01-15T14:56:34.258045 #69232]  INFO -- : 0:  rack-test (0.6.2) from /Users/isaac/.rbenv/versions/1.9.3-p194/lib/ruby/gems/1.9.1/specifications/rack-test-0.6.2.gemspec
I, [2014-01-15T14:56:34.258299 #69232]  INFO -- : 0:  xpath (2.0.0) from /Users/isaac/.rbenv/versions/1.9.3-p194/lib/ruby/gems/1.9.1/specifications/xpath-2.0.0.gemspec
I, [2014-01-15T14:56:34.258569 #69232]  INFO -- : 0:  capybara (2.1.0) from /Users/isaac/.rbenv/versions/1.9.3-p194/lib/ruby/gems/1.9.1/specifications/capybara-2.1.0.gemspec
I, [2014-01-15T14:56:34.258826 #69232]  INFO -- : 0:  ffi (1.9.3) from /Users/isaac/.rbenv/versions/1.9.3-p194/lib/ruby/gems/1.9.1/specifications/ffi-1.9.3.gemspec
I, [2014-01-15T14:56:34.259077 #69232]  INFO -- : 0:  childprocess (0.3.9) from /Users/isaac/.rbenv/versions/1.9.3-p194/lib/ruby/gems/1.9.1/specifications/childprocess-0.3.9.gemspec
I, [2014-01-15T14:56:34.259333 #69232]  INFO -- : 0:  cmdparse (2.0.5) from /Users/isaac/.rbenv/versions/1.9.3-p194/lib/ruby/gems/1.9.1/specifications/cmdparse-2.0.5.gemspec
I, [2014-01-15T14:56:34.259581 #69232]  INFO -- : 0:  coderay (1.1.0) from /Users/isaac/.rbenv/versions/1.9.3-p194/lib/ruby/gems/1.9.1/specifications/coderay-1.1.0.gemspec
I, [2014-01-15T14:56:35.901843 #69232]  INFO -- : 0:  columnize (0.3.6) from /Users/isaac/.rbenv/versions/1.9.3-p194/lib/ruby/gems/1.9.1/specifications/columnize-0.3.6.gemspec
I, [2014-01-15T14:56:35.902279 #69232]  INFO -- : 0:  diff-lcs (1.2.5) from /Users/isaac/.rbenv/versions/1.9.3-p194/lib/ruby/gems/1.9.1/specifications/diff-lcs-1.2.5.gemspec
I, [2014-01-15T14:56:35.902580 #69232]  INFO -- : 0:  multi_json (1.8.4) from /Users/isaac/.rbenv/versions/1.9.3-p194/lib/ruby/gems/1.9.1/specifications/multi_json-1.8.4.gemspec
I, [2014-01-15T14:56:35.902868 #69232]  INFO -- : 0:  gherkin (2.12.2) from /Users/isaac/.rbenv/versions/1.9.3-p194/lib/ruby/gems/1.9.1/specifications/gherkin-2.12.2.gemspec
I, [2014-01-15T14:56:35.903178 #69232]  INFO -- : 0:  multi_test (0.0.3) from /Users/isaac/.rbenv/versions/1.9.3-p194/lib/ruby/gems/1.9.1/specifications/multi_test-0.0.3.gemspec
I, [2014-01-15T14:56:35.903447 #69232]  INFO -- : 0:  cucumber (1.3.10) from /Users/isaac/.rbenv/versions/1.9.3-p194/lib/ruby/gems/1.9.1/specifications/cucumber-1.3.10.gemspec
I, [2014-01-15T14:56:37.324967 #69232]  INFO -- : 0:  debugger-linecache (1.2.0) from /Users/isaac/.rbenv/versions/1.9.3-p194/lib/ruby/gems/1.9.1/specifications/debugger-linecache-1.2.0.gemspec
I, [2014-01-15T14:56:42.444797 #69232]  INFO -- : 0:  debugger-ruby_core_source (1.3.1) from /Users/isaac/.rbenv/versions/1.9.3-p194/lib/ruby/gems/1.9.1/specifications/debugger-ruby_core_source-1.3.1.gemspec
I, [2014-01-15T14:56:48.311110 #69232]  INFO -- : 0:  debugger (1.6.5) from /Users/isaac/.rbenv/versions/1.9.3-p194/lib/ruby/gems/1.9.1/specifications/debugger-1.6.5.gemspec
I, [2014-01-15T14:56:49.992662 #69232]  INFO -- : 0:  docile (1.1.2) from /Users/isaac/.rbenv/versions/1.9.3-p194/lib/ruby/gems/1.9.1/specifications/docile-1.1.2.gemspec
I, [2014-01-15T14:56:49.993075 #69232]  INFO -- : 0:  highline (1.6.20) from /Users/isaac/.rbenv/versions/1.9.3-p194/lib/ruby/gems/1.9.1/specifications/highline-1.6.20.gemspec
I, [2014-01-15T14:56:51.905435 #69232]  INFO -- : 0:  jasmine-core (1.3.1) from /Users/isaac/.rbenv/versions/1.9.3-p194/lib/ruby/gems/1.9.1/specifications/jasmine-core-1.3.1.gemspec
I, [2014-01-15T14:56:51.905828 #69232]  INFO -- : 0:  rspec-core (2.14.7) from /Users/isaac/.rbenv/versions/1.9.3-p194/lib/ruby/gems/1.9.1/specifications/rspec-core-2.14.7.gemspec
I, [2014-01-15T14:56:51.906107 #69232]  INFO -- : 0:  rspec-expectations (2.14.4) from /Users/isaac/.rbenv/versions/1.9.3-p194/lib/ruby/gems/1.9.1/specifications/rspec-expectations-2.14.4.gemspec
I, [2014-01-15T14:56:51.906371 #69232]  INFO -- : 0:  rspec-mocks (2.14.4) from /Users/isaac/.rbenv/versions/1.9.3-p194/lib/ruby/gems/1.9.1/specifications/rspec-mocks-2.14.4.gemspec
I, [2014-01-15T14:56:51.906626 #69232]  INFO -- : 0:  rspec (2.14.1) from /Users/isaac/.rbenv/versions/1.9.3-p194/lib/ruby/gems/1.9.1/specifications/rspec-2.14.1.gemspec
I, [2014-01-15T14:56:51.906878 #69232]  INFO -- : 0:  rubyzip (1.1.0) from /Users/isaac/.rbenv/versions/1.9.3-p194/lib/ruby/gems/1.9.1/specifications/rubyzip-1.1.0.gemspec
I, [2014-01-15T14:56:51.907126 #69232]  INFO -- : 0:  websocket (1.0.7) from /Users/isaac/.rbenv/versions/1.9.3-p194/lib/ruby/gems/1.9.1/specifications/websocket-1.0.7.gemspec
I, [2014-01-15T14:56:51.907392 #69232]  INFO -- : 0:  selenium-webdriver (2.39.0) from /Users/isaac/.rbenv/versions/1.9.3-p194/lib/ruby/gems/1.9.1/specifications/selenium-webdriver-2.39.0.gemspec
I, [2014-01-15T14:57:00.076392 #69232]  INFO -- : 0:  jasmine (1.3.2) from /Users/isaac/.rbenv/versions/1.9.3-p194/lib/ruby/gems/1.9.1/specifications/jasmine-1.3.2.gemspec
I, [2014-01-15T14:57:00.076987 #69232]  INFO -- : 0:  json (1.8.1) from /Users/isaac/.rbenv/versions/1.9.3-p194/lib/ruby/gems/1.9.1/specifications/json-1.8.1.gemspec
I, [2014-01-15T14:57:00.077317 #69232]  INFO -- : 0:  method_source (0.8.2) from /Users/isaac/.rbenv/versions/1.9.3-p194/lib/ruby/gems/1.9.1/specifications/method_source-0.8.2.gemspec
I, [2014-01-15T14:57:00.077639 #69232]  INFO -- : 0:  net-http-persistent (2.9) from /Users/isaac/.rbenv/versions/1.9.3-p194/lib/ruby/gems/1.9.1/specifications/net-http-persistent-2.9.gemspec
I, [2014-01-15T14:57:00.077958 #69232]  INFO -- : 0:  net-ssh (2.7.0) from /Users/isaac/.rbenv/versions/1.9.3-p194/lib/ruby/gems/1.9.1/specifications/net-ssh-2.7.0.gemspec
I, [2014-01-15T14:57:00.078282 #69232]  INFO -- : 0:  net-ssh-gateway (1.2.0) from /Users/isaac/.rbenv/versions/1.9.3-p194/lib/ruby/gems/1.9.1/specifications/net-ssh-gateway-1.2.0.gemspec
I, [2014-01-15T14:57:00.078610 #69232]  INFO -- : 0:  parallel (0.9.2) from /Users/isaac/.rbenv/versions/1.9.3-p194/lib/ruby/gems/1.9.1/specifications/parallel-0.9.2.gemspec
I, [2014-01-15T14:57:00.078933 #69232]  INFO -- : 0:  parallel_tests (0.16.6) from /Users/isaac/.rbenv/versions/1.9.3-p194/lib/ruby/gems/1.9.1/specifications/parallel_tests-0.16.6.gemspec
I, [2014-01-15T14:57:00.079251 #69232]  INFO -- : 0:  slop (3.4.7) from /Users/isaac/.rbenv/versions/1.9.3-p194/lib/ruby/gems/1.9.1/specifications/slop-3.4.7.gemspec
I, [2014-01-15T14:57:00.079565 #69232]  INFO -- : 0:  pry (0.9.12.4) from /Users/isaac/.rbenv/versions/1.9.3-p194/lib/ruby/gems/1.9.1/specifications/pry-0.9.12.4.gemspec
I, [2014-01-15T14:57:00.079878 #69232]  INFO -- : 0:  rest-client (1.6.7) from /Users/isaac/.rbenv/versions/1.9.3-p194/lib/ruby/gems/1.9.1/specifications/rest-client-1.6.7.gemspec
I, [2014-01-15T14:57:00.080252 #69232]  INFO -- : 0:  sauce_whisk (0.0.10) from /Users/isaac/.rbenv/versions/1.9.3-p194/lib/ruby/gems/1.9.1/specifications/sauce_whisk-0.0.10.gemspec
I, [2014-01-15T14:57:00.140885 #69232]  INFO -- : 0:  sauce (3.3.0) from /Users/isaac/code/sauce_ruby/sauce.gemspec
I, [2014-01-15T14:57:01.662100 #69232]  INFO -- : 0:  sauce-connect (3.3.0) from /Users/isaac/code/sauce_ruby/gems/sauce-connect/sauce-connect.gemspec
I, [2014-01-15T14:57:03.408642 #69232]  INFO -- : 0:  simplecov-html (0.8.0) from /Users/isaac/.rbenv/versions/1.9.3-p194/lib/ruby/gems/1.9.1/specifications/simplecov-html-0.8.0.gemspec
I, [2014-01-15T14:57:05.670353 #69232]  INFO -- : 0:  simplecov (0.8.2) from /Users/isaac/.rbenv/versions/1.9.3-p194/lib/ruby/gems/1.9.1/specifications/simplecov-0.8.2.gemspec
I, [2014-01-15T14:57:05.670702 #69232]  INFO -- : 0:  bundler (1.5.1) from /Users/isaac/.rbenv/versions/1.9.3-p194/lib/ruby/gems/1.9.1/specifications/bundler-1.5.1.gemspec
